build/Android_Qt_6_9_1_Clang_arm64_v8a-Debug/android-build/build/intermediates/manifest_merge_blame_file/debug/manifest-merger-blame-debug-report.txt
1<?xml version="1.0" encoding="utf-8"?>
2<manifest xmlns:android="http://schemas.android.com/apk/res/android"
3    package="org.qtproject.example.lowenergyscanner"
4    android:installLocation="auto"
5    android:versionCode="1"
6    android:versionName="1.0" >
7
8    <uses-sdk
8-->Android_Qt_6_9_1_Clang_arm64_v8a-Debug/android-build/AndroidManifest.xml:4:5-73
9        android:minSdkVersion="24"
9-->Android_Qt_6_9_1_Clang_arm64_v8a-Debug/android-build/AndroidManifest.xml:4:15-41
10        android:targetSdkVersion="34" />
10-->Android_Qt_6_9_1_Clang_arm64_v8a-Debug/android-build/AndroidManifest.xml:4:42-71
11
12    <!-- Features (add as needed) -->
13    <uses-feature
13-->Android_Qt_6_9_1_Clang_arm64_v8a-Debug/android-build/AndroidManifest.xml:7:5-86
14        android:name="android.hardware.usb.host"
14-->Android_Qt_6_9_1_Clang_arm64_v8a-Debug/android-build/AndroidManifest.xml:7:19-59
15        android:required="false" />
15-->Android_Qt_6_9_1_Clang_arm64_v8a-Debug/android-build/AndroidManifest.xml:7:60-84
16    <uses-feature
16-->Android_Qt_6_9_1_Clang_arm64_v8a-Debug/android-build/AndroidManifest.xml:8:5-90
17        android:name="android.hardware.bluetooth_le"
17-->Android_Qt_6_9_1_Clang_arm64_v8a-Debug/android-build/AndroidManifest.xml:8:19-63
18        android:required="false" />
18-->Android_Qt_6_9_1_Clang_arm64_v8a-Debug/android-build/AndroidManifest.xml:8:64-88
19    <uses-feature
19-->Android_Qt_6_9_1_Clang_arm64_v8a-Debug/android-build/AndroidManifest.xml:9:5-88
20        android:name="android.hardware.camera.any"
20-->Android_Qt_6_9_1_Clang_arm64_v8a-Debug/android-build/AndroidManifest.xml:9:19-61
21        android:required="false" />
21-->Android_Qt_6_9_1_Clang_arm64_v8a-Debug/android-build/AndroidManifest.xml:9:62-86
22
23    <!-- Permissions (trimmed to those that make sense on API 31) -->
24    <uses-permission android:name="android.permission.INTERNET" />
24-->Android_Qt_6_9_1_Clang_arm64_v8a-Debug/android-build/AndroidManifest.xml:12:5-66
24-->Android_Qt_6_9_1_Clang_arm64_v8a-Debug/android-build/AndroidManifest.xml:12:22-64
25
26    <!-- Storage: WRITE_EXTERNAL_STORAGE is ignored on targetSdk 31; keep READ if you use SAF -->
27    <uses-permission android:name="android.permission.READ_EXTERNAL_STORAGE" />
27-->Android_Qt_6_9_1_Clang_arm64_v8a-Debug/android-build/AndroidManifest.xml:15:5-79
27-->Android_Qt_6_9_1_Clang_arm64_v8a-Debug/android-build/AndroidManifest.xml:15:22-77
28
29    <!-- Network/location/bluetooth set required on Android 12+ -->
30    <uses-permission android:name="android.permission.ACCESS_NETWORK_STATE" />
30-->Android_Qt_6_9_1_Clang_arm64_v8a-Debug/android-build/AndroidManifest.xml:18:5-78
30-->Android_Qt_6_9_1_Clang_arm64_v8a-Debug/android-build/AndroidManifest.xml:18:22-76
31    <uses-permission android:name="android.permission.ACCESS_WIFI_STATE" />
31-->Android_Qt_6_9_1_Clang_arm64_v8a-Debug/android-build/AndroidManifest.xml:19:5-75
31-->Android_Qt_6_9_1_Clang_arm64_v8a-Debug/android-build/AndroidManifest.xml:19:22-73
32    <uses-permission android:name="android.permission.ACCESS_FINE_LOCATION" />
32-->Android_Qt_6_9_1_Clang_arm64_v8a-Debug/android-build/AndroidManifest.xml:20:5-78
32-->Android_Qt_6_9_1_Clang_arm64_v8a-Debug/android-build/AndroidManifest.xml:20:22-76
33    <uses-permission android:name="android.permission.BLUETOOTH" />
33-->Android_Qt_6_9_1_Clang_arm64_v8a-Debug/android-build/AndroidManifest.xml:22:5-67
33-->Android_Qt_6_9_1_Clang_arm64_v8a-Debug/android-build/AndroidManifest.xml:22:22-65
34    <uses-permission android:name="android.permission.BLUETOOTH_ADMIN" />
34-->Android_Qt_6_9_1_Clang_arm64_v8a-Debug/android-build/AndroidManifest.xml:23:5-73
34-->Android_Qt_6_9_1_Clang_arm64_v8a-Debug/android-build/AndroidManifest.xml:23:22-71
35    <uses-permission
35-->Android_Qt_6_9_1_Clang_arm64_v8a-Debug/android-build/AndroidManifest.xml:24:5-119
36        android:name="android.permission.BLUETOOTH_SCAN"
36-->Android_Qt_6_9_1_Clang_arm64_v8a-Debug/android-build/AndroidManifest.xml:24:22-70
37        android:usesPermissionFlags="neverForLocation" />
37-->Android_Qt_6_9_1_Clang_arm64_v8a-Debug/android-build/AndroidManifest.xml:24:71-117
38    <uses-permission android:name="android.permission.BLUETOOTH_ADVERTISE" />
38-->Android_Qt_6_9_1_Clang_arm64_v8a-Debug/android-build/AndroidManifest.xml:25:5-77
38-->Android_Qt_6_9_1_Clang_arm64_v8a-Debug/android-build/AndroidManifest.xml:25:22-75
39    <uses-permission android:name="android.permission.BLUETOOTH_CONNECT" />
39-->Android_Qt_6_9_1_Clang_arm64_v8a-Debug/android-build/AndroidManifest.xml:26:5-75
39-->Android_Qt_6_9_1_Clang_arm64_v8a-Debug/android-build/AndroidManifest.xml:26:22-73
40    <uses-permission android:name="android.permission.WAKE_LOCK" />
40-->Android_Qt_6_9_1_Clang_arm64_v8a-Debug/android-build/AndroidManifest.xml:28:5-67
40-->Android_Qt_6_9_1_Clang_arm64_v8a-Debug/android-build/AndroidManifest.xml:28:22-65
41    <uses-permission android:name="android.permission.FOREGROUND_SERVICE" />
41-->Android_Qt_6_9_1_Clang_arm64_v8a-Debug/android-build/AndroidManifest.xml:29:5-76
41-->Android_Qt_6_9_1_Clang_arm64_v8a-Debug/android-build/AndroidManifest.xml:29:22-74
42    <uses-permission android:name="android.permission.CAMERA" />
42-->Android_Qt_6_9_1_Clang_arm64_v8a-Debug/android-build/AndroidManifest.xml:30:5-64
42-->Android_Qt_6_9_1_Clang_arm64_v8a-Debug/android-build/AndroidManifest.xml:30:22-62
43
44    <!-- Special permissions (require user/system UI): -->
45    <uses-permission android:name="android.permission.SYSTEM_ALERT_WINDOW" />
45-->Android_Qt_6_9_1_Clang_arm64_v8a-Debug/android-build/AndroidManifest.xml:33:5-77
45-->Android_Qt_6_9_1_Clang_arm64_v8a-Debug/android-build/AndroidManifest.xml:33:22-75
46    <uses-permission android:name="android.permission.WRITE_SETTINGS" />
46-->Android_Qt_6_9_1_Clang_arm64_v8a-Debug/android-build/AndroidManifest.xml:34:5-108
46-->Android_Qt_6_9_1_Clang_arm64_v8a-Debug/android-build/AndroidManifest.xml:34:22-70
47
48    <!--
49         REMOVE invalid/unsupported ones:
50         - WRITE_INTERNAL_STORAGE (doesn't exist)
51         - WRITE_EXTERNAL_STORAGE (ignored on targetSdk 31)
52         - READ_FRAME_BUFFER, CLEAR_APP_CACHE, WRITE_SECURE_SETTINGS (system-only)
53         - android.hardware.usb.action.USB_DEVICE_ATTACHED (this is an intent action, not a permission)
54         - WRITE_USER_DICTIONARY (rarely needed; remove unless you really use it)
55    -->
56
57    <supports-screens
57-->Android_Qt_6_9_1_Clang_arm64_v8a-Debug/android-build/AndroidManifest.xml:44:5-135
58        android:anyDensity="true"
58-->Android_Qt_6_9_1_Clang_arm64_v8a-Debug/android-build/AndroidManifest.xml:44:23-48
59        android:largeScreens="true"
59-->Android_Qt_6_9_1_Clang_arm64_v8a-Debug/android-build/AndroidManifest.xml:44:49-76
60        android:normalScreens="true"
60-->Android_Qt_6_9_1_Clang_arm64_v8a-Debug/android-build/AndroidManifest.xml:44:77-105
61        android:smallScreens="true" />
61-->Android_Qt_6_9_1_Clang_arm64_v8a-Debug/android-build/AndroidManifest.xml:44:106-133
62
63    <uses-permission android:name="android.permission.MODIFY_AUDIO_SETTINGS" />
63-->Android_Qt_6_9_1_Clang_arm64_v8a-Debug/android-build/AndroidManifest.xml:78:5-81
63-->Android_Qt_6_9_1_Clang_arm64_v8a-Debug/android-build/AndroidManifest.xml:78:22-77
64    <uses-permission android:name="android.permission.RECORD_AUDIO" />
64-->Android_Qt_6_9_1_Clang_arm64_v8a-Debug/android-build/AndroidManifest.xml:79:5-72
64-->Android_Qt_6_9_1_Clang_arm64_v8a-Debug/android-build/AndroidManifest.xml:79:22-68
65    <uses-permission android:name="android.permission.WRITE_EXTERNAL_STORAGE" />
65-->Android_Qt_6_9_1_Clang_arm64_v8a-Debug/android-build/AndroidManifest.xml:80:5-82
65-->Android_Qt_6_9_1_Clang_arm64_v8a-Debug/android-build/AndroidManifest.xml:80:22-78
66
67    <application
67-->Android_Qt_6_9_1_Clang_arm64_v8a-Debug/android-build/AndroidManifest.xml:46:5-76:19
68        android:name="org.qtproject.qt.android.bindings.QtApplication"
68-->Android_Qt_6_9_1_Clang_arm64_v8a-Debug/android-build/AndroidManifest.xml:46:18-80
69        android:allowBackup="true"
69-->Android_Qt_6_9_1_Clang_arm64_v8a-Debug/android-build/AndroidManifest.xml:46:149-175
70        android:appComponentFactory="androidx.core.app.CoreComponentFactory"
70-->[androidx.core:core:1.1.0] AndroidManifest.xml:24:18-86
71        android:debuggable="true"
72        android:fullBackupOnly="false"
72-->Android_Qt_6_9_1_Clang_arm64_v8a-Debug/android-build/AndroidManifest.xml:46:176-206
73        android:hardwareAccelerated="true"
73-->Android_Qt_6_9_1_Clang_arm64_v8a-Debug/android-build/AndroidManifest.xml:46:81-115
74        android:icon="@drawable/icon"
74-->Android_Qt_6_9_1_Clang_arm64_v8a-Debug/android-build/AndroidManifest.xml:46:207-236
75        android:label="lowenergyscanner" >
75-->Android_Qt_6_9_1_Clang_arm64_v8a-Debug/android-build/AndroidManifest.xml:46:116-148
76        <activity
76-->Android_Qt_6_9_1_Clang_arm64_v8a-Debug/android-build/AndroidManifest.xml:48:9-68:20
77            android:name="org.qtproject.qt.android.bindings.QtActivity"
77-->Android_Qt_6_9_1_Clang_arm64_v8a-Debug/android-build/AndroidManifest.xml:48:19-78
78            android:configChanges="orientation|uiMode|screenLayout|screenSize|smallestScreenSize|layoutDirection|locale|fontScale|keyboard|keyboardHidden|navigation|mcc|mnc|density"
78-->Android_Qt_6_9_1_Clang_arm64_v8a-Debug/android-build/AndroidManifest.xml:48:79-248
79            android:exported="true"
79-->Android_Qt_6_9_1_Clang_arm64_v8a-Debug/android-build/AndroidManifest.xml:48:313-336
80            android:label="lowenergyscanner"
80-->Android_Qt_6_9_1_Clang_arm64_v8a-Debug/android-build/AndroidManifest.xml:48:249-281
81            android:launchMode="singleTop"
81-->Android_Qt_6_9_1_Clang_arm64_v8a-Debug/android-build/AndroidManifest.xml:48:282-312
82            android:screenOrientation="landscape"
82-->Android_Qt_6_9_1_Clang_arm64_v8a-Debug/android-build/AndroidManifest.xml:48:337-374
83            android:theme="@style/splashScreenTheme" >
83-->Android_Qt_6_9_1_Clang_arm64_v8a-Debug/android-build/AndroidManifest.xml:48:375-415
84            <intent-filter>
84-->Android_Qt_6_9_1_Clang_arm64_v8a-Debug/android-build/AndroidManifest.xml:49:13-56:29
85                <action android:name="android.intent.action.MAIN" />
85-->Android_Qt_6_9_1_Clang_arm64_v8a-Debug/android-build/AndroidManifest.xml:50:17-68
85-->Android_Qt_6_9_1_Clang_arm64_v8a-Debug/android-build/AndroidManifest.xml:50:25-66
86
87                <category android:name="android.intent.category.LAUNCHER" />
87-->Android_Qt_6_9_1_Clang_arm64_v8a-Debug/android-build/AndroidManifest.xml:51:17-76
87-->Android_Qt_6_9_1_Clang_arm64_v8a-Debug/android-build/AndroidManifest.xml:51:27-74
88
89                <!-- USB attach/permission actions belong in intent-filters, not uses-permission -->
90                <action android:name="android.hardware.usb.action.USB_DEVICE_ATTACHED" />
90-->Android_Qt_6_9_1_Clang_arm64_v8a-Debug/android-build/AndroidManifest.xml:54:17-89
90-->Android_Qt_6_9_1_Clang_arm64_v8a-Debug/android-build/AndroidManifest.xml:54:25-87
91                <action android:name="android.hardware.usb.action.INTENT_ACTION_USB_PERMISSION" />
91-->Android_Qt_6_9_1_Clang_arm64_v8a-Debug/android-build/AndroidManifest.xml:55:17-98
91-->Android_Qt_6_9_1_Clang_arm64_v8a-Debug/android-build/AndroidManifest.xml:55:25-96
92            </intent-filter>
93
94            <meta-data
94-->Android_Qt_6_9_1_Clang_arm64_v8a-Debug/android-build/AndroidManifest.xml:57:13-126
95                android:name="android.hardware.usb.action.USB_DEVICE_ATTACHED"
95-->Android_Qt_6_9_1_Clang_arm64_v8a-Debug/android-build/AndroidManifest.xml:57:24-86
96                android:resource="@xml/device_filter" />
96-->Android_Qt_6_9_1_Clang_arm64_v8a-Debug/android-build/AndroidManifest.xml:57:87-124
97            <meta-data
97-->Android_Qt_6_9_1_Clang_arm64_v8a-Debug/android-build/AndroidManifest.xml:58:13-94
98                android:name="android.app.lib_name"
98-->Android_Qt_6_9_1_Clang_arm64_v8a-Debug/android-build/AndroidManifest.xml:58:24-59
99                android:value="lowenergyscanner" />
99-->Android_Qt_6_9_1_Clang_arm64_v8a-Debug/android-build/AndroidManifest.xml:58:60-92
100            <meta-data
100-->Android_Qt_6_9_1_Clang_arm64_v8a-Debug/android-build/AndroidManifest.xml:59:13-79
101                android:name="android.app.arguments"
101-->Android_Qt_6_9_1_Clang_arm64_v8a-Debug/android-build/AndroidManifest.xml:59:24-60
102                android:value="" />
102-->Android_Qt_6_9_1_Clang_arm64_v8a-Debug/android-build/AndroidManifest.xml:59:61-77
103            <meta-data
103-->Android_Qt_6_9_1_Clang_arm64_v8a-Debug/android-build/AndroidManifest.xml:60:13-98
104                android:name="android.app.extract_android_style"
104-->Android_Qt_6_9_1_Clang_arm64_v8a-Debug/android-build/AndroidManifest.xml:60:24-72
105                android:value="minimal" />
105-->Android_Qt_6_9_1_Clang_arm64_v8a-Debug/android-build/AndroidManifest.xml:60:73-96
106            <!-- Keep ONE set of splash metadata; remove duplicates -->
107            <meta-data
107-->Android_Qt_6_9_1_Clang_arm64_v8a-Debug/android-build/AndroidManifest.xml:62:13-117
108                android:name="android.app.splash_screen_drawable"
108-->Android_Qt_6_9_1_Clang_arm64_v8a-Debug/android-build/AndroidManifest.xml:62:24-73
109                android:resource="@drawable/splashscreen" />
109-->Android_Qt_6_9_1_Clang_arm64_v8a-Debug/android-build/AndroidManifest.xml:62:74-115
110            <meta-data
110-->Android_Qt_6_9_1_Clang_arm64_v8a-Debug/android-build/AndroidManifest.xml:63:13-131
111                android:name="android.app.splash_screen_drawable_portrait"
111-->Android_Qt_6_9_1_Clang_arm64_v8a-Debug/android-build/AndroidManifest.xml:63:24-82
112                android:resource="@drawable/splashscreen_port" />
112-->Android_Qt_6_9_1_Clang_arm64_v8a-Debug/android-build/AndroidManifest.xml:63:83-129
113            <meta-data
113-->Android_Qt_6_9_1_Clang_arm64_v8a-Debug/android-build/AndroidManifest.xml:64:13-132
114                android:name="android.app.splash_screen_drawable_landscape"
114-->Android_Qt_6_9_1_Clang_arm64_v8a-Debug/android-build/AndroidManifest.xml:64:24-83
115                android:resource="@drawable/splashscreen_land" />
115-->Android_Qt_6_9_1_Clang_arm64_v8a-Debug/android-build/AndroidManifest.xml:64:84-130
116            <meta-data
116-->Android_Qt_6_9_1_Clang_arm64_v8a-Debug/android-build/AndroidManifest.xml:62:13-117
117                android:name="android.app.splash_screen_drawable"
117-->Android_Qt_6_9_1_Clang_arm64_v8a-Debug/android-build/AndroidManifest.xml:62:24-73
118                android:resource="@drawable/splashscreen" />
118-->Android_Qt_6_9_1_Clang_arm64_v8a-Debug/android-build/AndroidManifest.xml:62:74-115
119            <meta-data
119-->Android_Qt_6_9_1_Clang_arm64_v8a-Debug/android-build/AndroidManifest.xml:63:13-131
120                android:name="android.app.splash_screen_drawable_portrait"
120-->Android_Qt_6_9_1_Clang_arm64_v8a-Debug/android-build/AndroidManifest.xml:63:24-82
121                android:resource="@drawable/splashscreen_port" />
121-->Android_Qt_6_9_1_Clang_arm64_v8a-Debug/android-build/AndroidManifest.xml:63:83-129
122            <meta-data
122-->Android_Qt_6_9_1_Clang_arm64_v8a-Debug/android-build/AndroidManifest.xml:64:13-132
123                android:name="android.app.splash_screen_drawable_landscape"
123-->Android_Qt_6_9_1_Clang_arm64_v8a-Debug/android-build/AndroidManifest.xml:64:24-83
124                android:resource="@drawable/splashscreen_land" />
124-->Android_Qt_6_9_1_Clang_arm64_v8a-Debug/android-build/AndroidManifest.xml:64:84-130
125        </activity>
126
127        <!-- If this receiver listens for broadcasts from other apps/system, exported=true is fine -->
128        <receiver
128-->Android_Qt_6_9_1_Clang_arm64_v8a-Debug/android-build/AndroidManifest.xml:71:9-75:20
129            android:name="org.qtproject.example.lowenergyscanner.broadcastReceiver"
129-->Android_Qt_6_9_1_Clang_arm64_v8a-Debug/android-build/AndroidManifest.xml:71:19-52
130            android:exported="true" >
130-->Android_Qt_6_9_1_Clang_arm64_v8a-Debug/android-build/AndroidManifest.xml:71:53-76
131            <intent-filter>
131-->Android_Qt_6_9_1_Clang_arm64_v8a-Debug/android-build/AndroidManifest.xml:72:13-74:29
132                <action android:name="INTENT_ACTION_GRANT_USB" />
132-->Android_Qt_6_9_1_Clang_arm64_v8a-Debug/android-build/AndroidManifest.xml:73:17-65
132-->Android_Qt_6_9_1_Clang_arm64_v8a-Debug/android-build/AndroidManifest.xml:73:25-63
133            </intent-filter>
134        </receiver>
135    </application>
136
137</manifest>